# JRE version: Java(TM) SE Runtime Environment (11.0.2+9) (build 11.0.2+9-LTS)
# Java VM: Java HotSpot(TM) 64-Bit Server VM (11.0.2+9-LTS, mixed mode, tiered, compressed oops, g1 gc, windows-amd64)
Heap:
 garbage-first heap   total 524288K, used 23336K [0x0000000601200000, 0x0000000800000000)
  region size 2048K, 13 young (26624K), 4 survivors (8192K)
 Metaspace       used 23107K, capacity 23688K, committed 23808K, reserved 1071104K
  class space    used 2042K, capacity 2265K, committed 2304K, reserved 1048576K
GC Heap History (6 events):
Event: 0.517 GC heap before
{Heap before GC invocations=0 (full 0):
 garbage-first heap   total 524288K, used 24576K [0x0000000601200000, 0x0000000800000000)
  region size 2048K, 12 young (24576K), 0 survivors (0K)
 Metaspace       used 11855K, capacity 12103K, committed 12288K, reserved 1060864K
  class space    used 1200K, capacity 1276K, committed 1280K, reserved 1048576K
}
Event: 0.521 GC heap after
{Heap after GC invocations=1 (full 0):
 garbage-first heap   total 524288K, used 3484K [0x0000000601200000, 0x0000000800000000)
  region size 2048K, 2 young (4096K), 2 survivors (4096K)
 Metaspace       used 11855K, capacity 12103K, committed 12288K, reserved 1060864K
  class space    used 1200K, capacity 1276K, committed 1280K, reserved 1048576K
}
Event: 12.017 GC heap before
{Heap before GC invocations=1 (full 0):
 garbage-first heap   total 524288K, used 128412K [0x0000000601200000, 0x0000000800000000)
  region size 2048K, 64 young (131072K), 2 survivors (4096K)
 Metaspace       used 20748K, capacity 21138K, committed 21248K, reserved 1069056K
  class space    used 1800K, capacity 1950K, committed 2048K, reserved 1048576K
}
Event: 12.024 GC heap after
{Heap after GC invocations=2 (full 0):
 garbage-first heap   total 524288K, used 5923K [0x0000000601200000, 0x0000000800000000)
  region size 2048K, 3 young (6144K), 3 survivors (6144K)
 Metaspace       used 20748K, capacity 21138K, committed 21248K, reserved 1069056K
  class space    used 1800K, capacity 1950K, committed 2048K, reserved 1048576K
}
Event: 22.232 GC heap before
{Heap before GC invocations=3 (full 0):
 garbage-first heap   total 524288K, used 143139K [0x0000000601200000, 0x0000000800000000)
  region size 2048K, 70 young (143360K), 3 survivors (6144K)
 Metaspace       used 23044K, capacity 23624K, committed 23808K, reserved 1071104K
  class space    used 2039K, capacity 2265K, committed 2304K, reserved 1048576K
}
Event: 22.238 GC heap after
{Heap after GC invocations=4 (full 0):
 garbage-first heap   total 524288K, used 6952K [0x0000000601200000, 0x0000000800000000)
  region size 2048K, 4 young (8192K), 4 survivors (8192K)
 Metaspace       used 23044K, capacity 23624K, committed 23808K, reserved 1071104K
  class space    used 2039K, capacity 2265K, committed 2304K, reserved 1048576K
}

