# JRE version: Java(TM) SE Runtime Environment (11.0.2+9) (build 11.0.2+9-LTS)
# Java VM: Java HotSpot(TM) 64-Bit Server VM (11.0.2+9-LTS, mixed mode, tiered, compressed oops, g1 gc, windows-amd64)
Heap:
 garbage-first heap   total 524288K, used 25607K [0x0000000601200000, 0x0000000800000000)
  region size 2048K, 14 young (28672K), 4 survivors (8192K)
 Metaspace       used 23023K, capacity 23618K, committed 23808K, reserved 1071104K
  class space    used 2036K, capacity 2263K, committed 2304K, reserved 1048576K
GC Heap History (6 events):
Event: 0.585 GC heap before
{Heap before GC invocations=0 (full 0):
 garbage-first heap   total 524288K, used 24576K [0x0000000601200000, 0x0000000800000000)
  region size 2048K, 12 young (24576K), 0 survivors (0K)
 Metaspace       used 11878K, capacity 12167K, committed 12288K, reserved 1060864K
  class space    used 1199K, capacity 1276K, committed 1280K, reserved 1048576K
}
Event: 0.589 GC heap after
{Heap after GC invocations=1 (full 0):
 garbage-first heap   total 524288K, used 3482K [0x0000000601200000, 0x0000000800000000)
  region size 2048K, 2 young (4096K), 2 survivors (4096K)
 Metaspace       used 11878K, capacity 12167K, committed 12288K, reserved 1060864K
  class space    used 1199K, capacity 1276K, committed 1280K, reserved 1048576K
}
Event: 12.970 GC heap before
{Heap before GC invocations=1 (full 0):
 garbage-first heap   total 524288K, used 128410K [0x0000000601200000, 0x0000000800000000)
  region size 2048K, 64 young (131072K), 2 survivors (4096K)
 Metaspace       used 20760K, capacity 21138K, committed 21248K, reserved 1069056K
  class space    used 1799K, capacity 1950K, committed 2048K, reserved 1048576K
}
Event: 12.977 GC heap after
{Heap after GC invocations=2 (full 0):
 garbage-first heap   total 524288K, used 5884K [0x0000000601200000, 0x0000000800000000)
  region size 2048K, 3 young (6144K), 3 survivors (6144K)
 Metaspace       used 20760K, capacity 21138K, committed 21248K, reserved 1069056K
  class space    used 1799K, capacity 1950K, committed 2048K, reserved 1048576K
}
Event: 24.069 GC heap before
{Heap before GC invocations=3 (full 0):
 garbage-first heap   total 524288K, used 141052K [0x0000000601200000, 0x0000000800000000)
  region size 2048K, 70 young (143360K), 3 survivors (6144K)
 Metaspace       used 22981K, capacity 23554K, committed 23808K, reserved 1071104K
  class space    used 2034K, capacity 2263K, committed 2304K, reserved 1048576K
}
Event: 24.073 GC heap after
{Heap after GC invocations=4 (full 0):
 garbage-first heap   total 524288K, used 7175K [0x0000000601200000, 0x0000000800000000)
  region size 2048K, 4 young (8192K), 4 survivors (8192K)
 Metaspace       used 22981K, capacity 23554K, committed 23808K, reserved 1071104K
  class space    used 2034K, capacity 2263K, committed 2304K, reserved 1048576K
}

